#
# A fatal error has been detected by the Java Runtime Environment:
#
#  EXCEPTION_ACCESS_VIOLATION (0xc0000005) at pc=0x00007ffe85e6dba6, pid=5240, tid=11620
#
# JRE version: Java(TM) SE Runtime Environment (11.0.4+10) (build 11.0.4+10-LTS)
# Java VM: Java HotSpot(TM) 64-Bit Server VM (11.0.4+10-LTS, mixed mode, tiered, compressed oops, g1 gc, windows-amd64)
# Problematic frame:
# V  [jvm.dll+0x19dba6]
#
# No core dump will be written. Minidumps are not enabled by default on client versions of Windows
#
# If you would like to submit a bug report, please visit:
#   http://bugreport.java.com/bugreport/crash.jsp
#

---------------  S U M M A R Y ------------

Command Line: --add-opens=java.base/java.util=ALL-UNNAMED --add-opens=java.base/java.lang=ALL-UNNAMED --add-opens=java.base/java.lang.invoke=ALL-UNNAMED --add-opens=java.prefs/java.util.prefs=ALL-UNNAMED -XX:MaxMetaspaceSize=256m -XX:+HeapDumpOnOutOfMemoryError -Xms256m -Xmx512m -Dfile.encoding=windows-1252 -Duser.country=GB -Duser.language=en -Duser.variant org.gradle.launcher.daemon.bootstrap.GradleDaemon 5.5

Host: Intel(R) Core(TM) i7-2670QM CPU @ 2.20GHz, 8 cores, 7G,  Windows 10 , 64 bit Build 18362 (10.0.18362.329)
Time: Tue Oct 15 11:28:53 2019 SE Asia Standard Time elapsed time: 598 seconds (0d 0h 9m 58s)

---------------  T H R E A D  ---------------

Current thread (0x000002556086e000):  ConcurrentGCThread "G1 Conc#1" [stack: 0x000000e770300000,0x000000e770400000] [id=11620]

Stack: [0x000000e770300000,0x000000e770400000],  sp=0x000000e7703ff1e8,  free space=1020k
Native frames: (J=compiled Java code, j=interpreted, Vv=VM code, C=native code)
V  [jvm.dll+0x19dba6]


siginfo: EXCEPTION_ACCESS_VIOLATION (0xc0000005), reading address 0x0000000000000008


Register to memory mapping:

RIP=0x00007ffe85e6dba6 jvm.dll
RAX=0x0 is NULL
RBX=0x0 is NULL
RCX=0x00000000e8e8d570 is pointing into object: java.util.HashMap 
{0x00000000e8e8d560} - klass: 'java/util/HashMap'
RDX=0x00000000e8e8d570 is pointing into object: java.util.HashMap 
{0x00000000e8e8d560} - klass: 'java/util/HashMap'
RSP=0x000000e7703ff1e8 points into unknown readable memory: 5b 7c ed 85 fe 7f 00 00
RBP=0x000000e7703ff301 points into unknown readable memory: 00 5a 00 00 00 00 00
RSI=0x00000000e8e8d570 is pointing into object: java.util.HashMap 
{0x00000000e8e8d560} - klass: 'java/util/HashMap'
RDI=0x0000400000000000 is an unknown value
R8 =0x0 is NULL
R9 =0x0 is NULL
R10=0x000002555fda8ea0 points into unknown readable memory: 60 81 55 86 fe 7f 00 00
R11=0x346dc5d63886594b is an unknown value
R12=0x0 is NULL
R13=0x0000025544be3b60 points into unknown readable memory: 00 68 be 44 55 02 00 00
R14=0x000002555cefa350 points into unknown readable memory: 00 00 00 00 00 40 00 00
R15=0x0 is NULL


Registers:
RAX=0x0000000000000000, RBX=0x0000000000000000, RCX=0x00000000e8e8d570, RDX=0x00000000e8e8d570
RSP=0x000000e7703ff1e8, RBP=0x000000e7703ff301, RSI=0x00000000e8e8d570, RDI=0x0000400000000000
R8 =0x0000000000000000, R9 =0x0000000000000000, R10=0x000002555fda8ea0, R11=0x346dc5d63886594b
R12=0x0000000000000000, R13=0x0000025544be3b60, R14=0x000002555cefa350, R15=0x0000000000000000
RIP=0x00007ffe85e6dba6, EFLAGS=0x0000000000010246

Top of Stack: (sp=0x000000e7703ff1e8)
0x000000e7703ff1e8:   00007ffe85ed7c5b 0000025542a32030
0x000000e7703ff1f8:   00007ffe85ed7c5b 00000000e2c3b3b0
0x000000e7703ff208:   0000000000000000 000000010002d210
0x000000e7703ff218:   00000000e2c3b980 0000000000000000
0x000000e7703ff228:   0000025544bf0760 000000010002d208
0x000000e7703ff238:   00007ffe85ed7a42 0000025544bf0620
0x000000e7703ff248:   000000e7703ff3e8 00000000e8e8d570
0x000000e7703ff258:   000000e7703ff3e8 00000000e2c3b99c
0x000000e7703ff268:   00007ffe85ed5fed 0000000000000004
0x000000e7703ff278:   00000000e2c3b990 0000000000000002
0x000000e7703ff288:   00000000e2c3b970 0000025561cfe401
0x000000e7703ff298:   0000025544be3bb0 000000010002cfb0
0x000000e7703ff2a8:   00007ffe85ed5801 0000000000000004
0x000000e7703ff2b8:   000000e7703ff3e8 00000000e2c3b980
0x000000e7703ff2c8:   0000000000000004 0000025544bf0620
0x000000e7703ff2d8:   00007ffe85fcd24e 00000000e2c3b980 

Instructions: (pc=0x00007ffe85e6dba6)
0x00007ffe85e6db86:   cc cc cc cc cc cc cc cc cc cc 48 8b 49 38 48 8b
0x00007ffe85e6db96:   01 48 ff 60 28 cc cc cc cc cc 4c 8b ca 48 8b d1
0x00007ffe85e6dba6:   45 8b 41 08 45 85 c0 7e 0e 41 f6 c0 01 75 56 41
0x00007ffe85e6dbb6:   c1 f8 03 41 8b c0 c3 79 4c 80 3d 0b 86 8b 00 00 


Stack slot to memory mapping:
stack at sp + 0 slots: 0x00007ffe85ed7c5b jvm.dll
stack at sp + 1 slots: 0x0000025542a32030 points into unknown readable memory: b8 e5 59 86 fe 7f 00 00
stack at sp + 2 slots: 0x00007ffe85ed7c5b jvm.dll
stack at sp + 3 slots: 0x00000000e2c3b3b0 is an oop: java.lang.ref.SoftReference 
{0x00000000e2c3b3b0} - klass: 'java/lang/ref/SoftReference'
stack at sp + 4 slots: 0x0 is NULL
stack at sp + 5 slots: 0x000000010002d210 is a pointer to class: 
stack at sp + 6 slots: 0x00000000e2c3b980 is an oop: java.util.Hashtable$Entry 
{0x00000000e2c3b980} - klass: 'java/util/Hashtable$Entry'
stack at sp + 7 slots: 0x0 is NULL


---------------  P R O C E S S  ---------------

Threads class SMR info:
_java_thread_list=0x00000255673fa310, length=47, elements={
0x0000025544bbd800, 0x0000025560779800, 0x00000255607a8000, 0x00000255607fd800,
0x0000025560801800, 0x0000025560803800, 0x0000025560810000, 0x0000025560811000,
0x000002556096e000, 0x000002556098b000, 0x0000025562bc5800, 0x000002556285b800,
0x0000025562a7e000, 0x0000025562d5c000, 0x0000025561be2000, 0x0000025562577000,
0x0000025562871000, 0x0000025560c49800, 0x00000255617cb000, 0x00000255617cc000,
0x0000025560ae1000, 0x0000025560ae0000, 0x0000025560ae2800, 0x0000025560ae5000,
0x0000025560adf000, 0x0000025560ae6000, 0x0000025567be0000, 0x0000025567be6800,
0x0000025567be5000, 0x0000025567be3800, 0x0000025567be2000, 0x0000025567be4000,
0x0000025567be2800, 0x0000025567be7800, 0x0000025567beb800, 0x0000025567be9000,
0x0000025567bea000, 0x0000025567be6000, 0x0000025567be1000, 0x0000025567bea800,
0x0000025567bed000, 0x0000025567bee000, 0x0000025567be8800, 0x0000025567bef000,
0x0000025560ae4000, 0x0000025564fe8000, 0x0000025564fe5000
}

Java Threads: ( => current thread )
  0x0000025544bbd800 JavaThread "main" [_thread_blocked, id=10096, stack(0x000000e76de00000,0x000000e76df00000)]
  0x0000025560779800 JavaThread "Reference Handler" daemon [_thread_blocked, id=2412, stack(0x000000e76e500000,0x000000e76e600000)]
  0x00000255607a8000 JavaThread "Finalizer" daemon [_thread_blocked, id=4376, stack(0x000000e76e600000,0x000000e76e700000)]
  0x00000255607fd800 JavaThread "Signal Dispatcher" daemon [_thread_blocked, id=3420, stack(0x000000e76e700000,0x000000e76e800000)]
  0x0000025560801800 JavaThread "Attach Listener" daemon [_thread_blocked, id=10500, stack(0x000000e76e800000,0x000000e76e900000)]
  0x0000025560803800 JavaThread "C2 CompilerThread0" daemon [_thread_in_native, id=7612, stack(0x000000e76e900000,0x000000e76ea00000)]
  0x0000025560810000 JavaThread "C1 CompilerThread0" daemon [_thread_blocked, id=12772, stack(0x000000e76ea00000,0x000000e76eb00000)]
  0x0000025560811000 JavaThread "Sweeper thread" daemon [_thread_blocked, id=10552, stack(0x000000e76eb00000,0x000000e76ec00000)]
  0x000002556096e000 JavaThread "Common-Cleaner" daemon [_thread_blocked, id=9800, stack(0x000000e76ec00000,0x000000e76ed00000)]
  0x000002556098b000 JavaThread "Service Thread" daemon [_thread_blocked, id=3552, stack(0x000000e76ed00000,0x000000e76ee00000)]
  0x0000025562bc5800 JavaThread "Daemon health stats" [_thread_blocked, id=2248, stack(0x000000e76f500000,0x000000e76f600000)]
  0x000002556285b800 JavaThread "Incoming local TCP Connector on port 50235" [_thread_in_native, id=8024, stack(0x000000e76f400000,0x000000e76f500000)]
  0x0000025562a7e000 JavaThread "Daemon periodic checks" [_thread_blocked, id=2452, stack(0x000000e76f600000,0x000000e76f700000)]
  0x0000025562d5c000 JavaThread "Daemon" [_thread_blocked, id=1752, stack(0x000000e76f700000,0x000000e76f800000)]
  0x0000025561be2000 JavaThread "Handler for socket connection from /127.0.0.1:50235 to /127.0.0.1:50236" [_thread_in_native, id=8356, stack(0x000000e76f800000,0x000000e76f900000)]
  0x0000025562577000 JavaThread "Cancel handler" [_thread_blocked, id=12920, stack(0x000000e76f900000,0x000000e76fa00000)]
  0x0000025562871000 JavaThread "Daemon worker" [_thread_in_native, id=1480, stack(0x000000e76fa00000,0x000000e76fb00000)]
  0x0000025560c49800 JavaThread "Asynchronous log dispatcher for DefaultDaemonConnection: socket connection from /127.0.0.1:50235 to /127.0.0.1:50236" [_thread_blocked, id=12840, stack(0x000000e76fb00000,0x000000e76fc00000)]
  0x00000255617cb000 JavaThread "Stdin handler" [_thread_blocked, id=7708, stack(0x000000e76fc00000,0x000000e76fd00000)]
  0x00000255617cc000 JavaThread "Thread-8" [_thread_blocked, id=6036, stack(0x000000e76fd00000,0x000000e76fe00000)]
  0x0000025560ae1000 JavaThread "Cache worker for file hash cache (C:\Users\anton\.gradle\caches\5.5\fileHashes)" [_thread_blocked, id=9108, stack(0x000000e76fe00000,0x000000e76ff00000)]
  0x0000025560ae0000 JavaThread "File lock request listener" [_thread_in_native, id=11908, stack(0x000000e76ff00000,0x000000e770000000)]
  0x0000025560ae2800 JavaThread "Cache worker for journal cache (C:\Users\anton\.gradle\caches\journal-1)" [_thread_blocked, id=5756, stack(0x000000e770000000,0x000000e770100000)]
  0x0000025560ae5000 JavaThread "Cache worker for file hash cache (D:\Purwadhika\mobile\15okt19\Albums\android\.gradle\5.5\fileHashes)" [_thread_blocked, id=12876, stack(0x000000e770400000,0x000000e770500000)]
  0x0000025560adf000 JavaThread "Cache worker for cache directory md-supplier (C:\Users\anton\.gradle\caches\5.5\md-supplier)" [_thread_blocked, id=9052, stack(0x000000e770600000,0x000000e770700000)]
  0x0000025560ae6000 JavaThread "Cache worker for cache directory md-rule (C:\Users\anton\.gradle\caches\5.5\md-rule)" [_thread_blocked, id=6324, stack(0x000000e770700000,0x000000e770800000)]
  0x0000025567be0000 JavaThread "Cache worker for execution history cache (C:\Users\anton\.gradle\caches\5.5\executionHistory)" [_thread_blocked, id=9188, stack(0x000000e770800000,0x000000e770900000)]
  0x0000025567be6800 JavaThread "Build operations" [_thread_blocked, id=5948, stack(0x000000e770900000,0x000000e770a00000)]
  0x0000025567be5000 JavaThread "Build operations Thread 2" [_thread_blocked, id=8148, stack(0x000000e770b00000,0x000000e770c00000)]
  0x0000025567be3800 JavaThread "Build operations Thread 3" [_thread_blocked, id=12132, stack(0x000000e770c00000,0x000000e770d00000)]
  0x0000025567be2000 JavaThread "Build operations Thread 4" [_thread_blocked, id=11876, stack(0x000000e770d00000,0x000000e770e00000)]
  0x0000025567be4000 JavaThread "Build operations Thread 5" [_thread_blocked, id=9524, stack(0x000000e770e00000,0x000000e770f00000)]
  0x0000025567be2800 JavaThread "Build operations Thread 6" [_thread_blocked, id=12760, stack(0x000000e770f00000,0x000000e771000000)]
  0x0000025567be7800 JavaThread "Build operations Thread 7" [_thread_blocked, id=7204, stack(0x000000e771000000,0x000000e771100000)]
  0x0000025567beb800 JavaThread "Build operations Thread 8" [_thread_blocked, id=11528, stack(0x000000e771100000,0x000000e771200000)]
  0x0000025567be9000 JavaThread "Cache worker for Build Output Cleanup Cache (D:\Purwadhika\mobile\15okt19\Albums\android\.gradle\buildOutputCleanup)" [_thread_blocked, id=2028, stack(0x000000e76dd00000,0x000000e76de00000)]
  0x0000025567bea000 JavaThread "Memory manager" [_thread_blocked, id=8512, stack(0x000000e770500000,0x000000e770600000)]
  0x0000025567be6000 JavaThread "Cache worker for file content cache (C:\Users\anton\.gradle\caches\5.5\fileContent)" [_thread_blocked, id=9412, stack(0x000000e76db00000,0x000000e76dc00000)]
  0x0000025567be1000 JavaThread "Cache worker for file content cache (D:\Purwadhika\mobile\15okt19\Albums\android\.gradle\5.5\fileContent)" [_thread_blocked, id=3236, stack(0x000000e76dc00000,0x000000e76dd00000)]
  0x0000025567bea800 JavaThread "C2 CompilerThread1" daemon [_thread_in_native, id=12740, stack(0x000000e771200000,0x000000e771300000)]
  0x0000025567bed000 JavaThread "Execution worker for ':'" [_thread_in_native, id=1204, stack(0x000000e771400000,0x000000e771500000)]
  0x0000025567bee000 JavaThread "Execution worker for ':' Thread 2" [_thread_in_native, id=1636, stack(0x000000e771500000,0x000000e771600000)]
  0x0000025567be8800 JavaThread "Execution worker for ':' Thread 3" [_thread_in_native, id=3172, stack(0x000000e771600000,0x000000e771700000)]
  0x0000025567bef000 JavaThread "Execution worker for ':' Thread 4" [_thread_in_native, id=10620, stack(0x000000e771700000,0x000000e771800000)]
  0x0000025560ae4000 JavaThread "Execution worker for ':' Thread 5" [_thread_in_native, id=6548, stack(0x000000e771800000,0x000000e771900000)]
  0x0000025564fe8000 JavaThread "Execution worker for ':' Thread 6" [_thread_in_native, id=4140, stack(0x000000e771900000,0x000000e771a00000)]
  0x0000025564fe5000 JavaThread "Execution worker for ':' Thread 7" [_thread_in_native, id=2500, stack(0x000000e771a00000,0x000000e771b00000)]

Other Threads:
  0x0000025560776800 VMThread "VM Thread" [stack: 0x000000e76e400000,0x000000e76e500000] [id=10908]
  0x000002556098d800 WatcherThread [stack: 0x000000e76ee00000,0x000000e76ef00000] [id=5848]
  0x0000025544bd4000 GCTaskThread "GC Thread#0" [stack: 0x000000e76df00000,0x000000e76e000000] [id=9708]
  0x000002556121f000 GCTaskThread "GC Thread#1" [stack: 0x000000e76ef00000,0x000000e76f000000] [id=1044]
  0x00000255612ba800 GCTaskThread "GC Thread#2" [stack: 0x000000e76f000000,0x000000e76f100000] [id=11432]
  0x000002556126f800 GCTaskThread "GC Thread#3" [stack: 0x000000e76f100000,0x000000e76f200000] [id=6536]
  0x0000025561270800 GCTaskThread "GC Thread#4" [stack: 0x000000e76f200000,0x000000e76f300000] [id=4612]
  0x00000255612e0800 GCTaskThread "GC Thread#5" [stack: 0x000000e76f300000,0x000000e76f400000] [id=12516]
  0x0000025562abe000 GCTaskThread "GC Thread#6" [stack: 0x000000e770100000,0x000000e770200000] [id=7824]
  0x000002556108a800 GCTaskThread "GC Thread#7" [stack: 0x000000e770200000,0x000000e770300000] [id=2448]
  0x0000025544be6800 ConcurrentGCThread "G1 Main Marker" [stack: 0x000000e76e000000,0x000000e76e100000] [id=2076]
  0x0000025544be7800 ConcurrentGCThread "G1 Conc#0" [stack: 0x000000e76e100000,0x000000e76e200000] [id=9468]
=>0x000002556086e000 ConcurrentGCThread "G1 Conc#1" [stack: 0x000000e770300000,0x000000e770400000] [id=11620]
  0x000002555fe11800 ConcurrentGCThread "G1 Refine#0" [stack: 0x000000e76e200000,0x000000e76e300000] [id=10668]
  0x000002555fe14800 ConcurrentGCThread "G1 Young RemSet Sampling" [stack: 0x000000e76e300000,0x000000e76e400000] [id=11052]

Threads with active compile tasks:
C2 CompilerThread013214       4       java.util.regex.Pattern$CharPropertyGreedy::match (122 bytes)
C2 CompilerThread112934 %     4       org.gradle.internal.instantiation.AbstractClassGenerator::inspectType @ 387 (559 bytes)

VM state:not at safepoint (normal execution)

VM Mutex/Monitor currently owned by a thread: None

Heap address: 0x00000000e0000000, size: 512 MB, Compressed Oops mode: 32-bit
Narrow klass base: 0x0000000000000000, Narrow klass shift: 3
Compressed class space size: 260046848 Address: 0x0000000100000000

Heap:
 garbage-first heap   total 262144K, used 146011K [0x00000000e0000000, 0x0000000100000000)
  region size 1024K, 4 young (4096K), 2 survivors (2048K)
 Metaspace       used 86772K, capacity 88660K, committed 88960K, reserved 331776K
  class space    used 10507K, capacity 11183K, committed 11392K, reserved 253952K
Heap Regions: E=young(eden), S=young(survivor), O=old, HS=humongous(starts), HC=humongous(continues), CS=collection set, F=free, A=archive, TAMS=top-at-mark-start (previous, next)
|   0|0x00000000e0000000, 0x00000000e0100000, 0x00000000e0100000|100%| O|  |TAMS 0x00000000e0100000, 0x00000000e0100000| Untracked 
|   1|0x00000000e0100000, 0x00000000e0200000, 0x00000000e0200000|100%| O|  |TAMS 0x00000000e0200000, 0x00000000e0200000| Untracked 
|   2|0x00000000e0200000, 0x00000000e0300000, 0x00000000e0300000|100%|HS|  |TAMS 0x00000000e0300000, 0x00000000e0300000| Complete 
|   3|0x00000000e0300000, 0x00000000e0400000, 0x00000000e0400000|100%|HS|  |TAMS 0x00000000e0400000, 0x00000000e0400000| Complete 
|   4|0x00000000e0400000, 0x00000000e0500000, 0x00000000e0500000|100%|HC|  |TAMS 0x00000000e0500000, 0x00000000e0500000| Complete 
|   5|0x00000000e0500000, 0x00000000e0600000, 0x00000000e0600000|100%| O|  |TAMS 0x00000000e0600000, 0x00000000e0600000| Untracked 
|   6|0x00000000e0600000, 0x00000000e0700000, 0x00000000e0700000|100%| O|  |TAMS 0x00000000e0700000, 0x00000000e0700000| Untracked 
|   7|0x00000000e0700000, 0x00000000e0800000, 0x00000000e0800000|100%| O|  |TAMS 0x00000000e0800000, 0x00000000e0800000| Untracked 
|   8|0x00000000e0800000, 0x00000000e0900000, 0x00000000e0900000|100%| O|  |TAMS 0x00000000e0900000, 0x00000000e0900000| Untracked 
|   9|0x00000000e0900000, 0x00000000e0a00000, 0x00000000e0a00000|100%| O|  |TAMS 0x00000000e0a00000, 0x00000000e0a00000| Untracked 
|  10|0x00000000e0a00000, 0x00000000e0b00000, 0x00000000e0b00000|100%| O|  |TAMS 0x00000000e0b00000, 0x00000000e0b00000| Untracked 
|  11|0x00000000e0b00000, 0x00000000e0c00000, 0x00000000e0c00000|100%| O|  |TAMS 0x00000000e0c00000, 0x00000000e0c00000| Untracked 
|  12|0x00000000e0c00000, 0x00000000e0d00000, 0x00000000e0d00000|100%| O|  |TAMS 0x00000000e0d00000, 0x00000000e0d00000| Untracked 
|  13|0x00000000e0d00000, 0x00000000e0e00000, 0x00000000e0e00000|100%| O|  |TAMS 0x00000000e0e00000, 0x00000000e0e00000| Untracked 
|  14|0x00000000e0e00000, 0x00000000e0f00000, 0x00000000e0f00000|100%| O|  |TAMS 0x00000000e0f00000, 0x00000000e0f00000| Untracked 
|  15|0x00000000e0f00000, 0x00000000e1000000, 0x00000000e1000000|100%| O|  |TAMS 0x00000000e1000000, 0x00000000e1000000| Untracked 
|  16|0x00000000e1000000, 0x00000000e1100000, 0x00000000e1100000|100%| O|  |TAMS 0x00000000e1100000, 0x00000000e1100000| Untracked 
|  17|0x00000000e1100000, 0x00000000e1200000, 0x00000000e1200000|100%| O|  |TAMS 0x00000000e1200000, 0x00000000e1200000| Untracked 
|  18|0x00000000e1200000, 0x00000000e1300000, 0x00000000e1300000|100%| O|  |TAMS 0x00000000e1300000, 0x00000000e1300000| Untracked 
|  19|0x00000000e1300000, 0x00000000e1400000, 0x00000000e1400000|100%| O|  |TAMS 0x00000000e1400000, 0x00000000e1400000| Untracked 
|  20|0x00000000e1400000, 0x00000000e1500000, 0x00000000e1500000|100%| O|  |TAMS 0x00000000e1500000, 0x00000000e1500000| Untracked 
|  21|0x00000000e1500000, 0x00000000e1600000, 0x00000000e1600000|100%| O|  |TAMS 0x00000000e1600000, 0x00000000e1600000| Untracked 
|  22|0x00000000e1600000, 0x00000000e1700000, 0x00000000e1700000|100%| O|  |TAMS 0x00000000e1700000, 0x00000000e1700000| Untracked 
|  23|0x00000000e1700000, 0x00000000e1800000, 0x00000000e1800000|100%| O|  |TAMS 0x00000000e1800000, 0x00000000e1800000| Untracked 
|  24|0x00000000e1800000, 0x00000000e1900000, 0x00000000e1900000|100%|HS|  |TAMS 0x00000000e1900000, 0x00000000e1900000| Complete 
|  25|0x00000000e1900000, 0x00000000e1a00000, 0x00000000e1a00000|100%|HC|  |TAMS 0x00000000e1a00000, 0x00000000e1a00000| Complete 
|  26|0x00000000e1a00000, 0x00000000e1b00000, 0x00000000e1b00000|100%|HC|  |TAMS 0x00000000e1b00000, 0x00000000e1b00000| Complete 
|  27|0x00000000e1b00000, 0x00000000e1c00000, 0x00000000e1c00000|100%|HS|  |TAMS 0x00000000e1c00000, 0x00000000e1c00000| Complete 
|  28|0x00000000e1c00000, 0x00000000e1d00000, 0x00000000e1d00000|100%|HC|  |TAMS 0x00000000e1d00000, 0x00000000e1d00000| Complete 
|  29|0x00000000e1d00000, 0x00000000e1e00000, 0x00000000e1e00000|100%| O|  |TAMS 0x00000000e1e00000, 0x00000000e1e00000| Untracked 
|  30|0x00000000e1e00000, 0x00000000e1f00000, 0x00000000e1f00000|100%| O|  |TAMS 0x00000000e1f00000, 0x00000000e1f00000| Untracked 
|  31|0x00000000e1f00000, 0x00000000e2000000, 0x00000000e2000000|100%| O|  |TAMS 0x00000000e2000000, 0x00000000e2000000| Untracked 
|  32|0x00000000e2000000, 0x00000000e2100000, 0x00000000e2100000|100%| O|  |TAMS 0x00000000e2100000, 0x00000000e2100000| Untracked 
|  33|0x00000000e2100000, 0x00000000e2200000, 0x00000000e2200000|100%| O|  |TAMS 0x00000000e2200000, 0x00000000e2200000| Untracked 
|  34|0x00000000e2200000, 0x00000000e2300000, 0x00000000e2300000|100%| O|  |TAMS 0x00000000e2300000, 0x00000000e2300000| Untracked 
|  35|0x00000000e2300000, 0x00000000e2400000, 0x00000000e2400000|100%| O|  |TAMS 0x00000000e2400000, 0x00000000e2400000| Untracked 
|  36|0x00000000e2400000, 0x00000000e2500000, 0x00000000e2500000|100%| O|  |TAMS 0x00000000e2500000, 0x00000000e2500000| Untracked 
|  37|0x00000000e2500000, 0x00000000e2600000, 0x00000000e2600000|100%| O|  |TAMS 0x00000000e2600000, 0x00000000e2600000| Untracked 
|  38|0x00000000e2600000, 0x00000000e2700000, 0x00000000e2700000|100%| O|  |TAMS 0x00000000e2700000, 0x00000000e2700000| Untracked 
|  39|0x00000000e2700000, 0x00000000e2800000, 0x00000000e2800000|100%| O|  |TAMS 0x00000000e2800000, 0x00000000e2800000| Untracked 
|  40|0x00000000e2800000, 0x00000000e2900000, 0x00000000e2900000|100%| O|  |TAMS 0x00000000e2900000, 0x00000000e2900000| Untracked 
|  41|0x00000000e2900000, 0x00000000e2a00000, 0x00000000e2a00000|100%| O|  |TAMS 0x00000000e2a00000, 0x00000000e2a00000| Untracked 
|  42|0x00000000e2a00000, 0x00000000e2b00000, 0x00000000e2b00000|100%| O|  |TAMS 0x00000000e2b00000, 0x00000000e2b00000| Untracked 
|  43|0x00000000e2b00000, 0x00000000e2c00000, 0x00000000e2c00000|100%| O|  |TAMS 0x00000000e2c00000, 0x00000000e2c00000| Untracked 
|  44|0x00000000e2c00000, 0x00000000e2d00000, 0x00000000e2d00000|100%| O|  |TAMS 0x00000000e2d00000, 0x00000000e2d00000| Untracked 
|  45|0x00000000e2d00000, 0x00000000e2e00000, 0x00000000e2e00000|100%| O|  |TAMS 0x00000000e2e00000, 0x00000000e2e00000| Untracked 
|  46|0x00000000e2e00000, 0x00000000e2f00000, 0x00000000e2f00000|100%| O|  |TAMS 0x00000000e2f00000, 0x00000000e2f00000| Untracked 
|  47|0x00000000e2f00000, 0x00000000e3000000, 0x00000000e3000000|100%| O|  |TAMS 0x00000000e3000000, 0x00000000e3000000| Untracked 
|  48|0x00000000e3000000, 0x00000000e3100000, 0x00000000e3100000|100%| O|  |TAMS 0x00000000e3100000, 0x00000000e3100000| Untracked 
|  49|0x00000000e3100000, 0x00000000e3200000, 0x00000000e3200000|100%| O|  |TAMS 0x00000000e3200000, 0x00000000e3200000| Untracked 
|  50|0x00000000e3200000, 0x00000000e3300000, 0x00000000e3300000|100%| O|  |TAMS 0x00000000e3300000, 0x00000000e3300000| Untracked 
|  51|0x00000000e3300000, 0x00000000e3400000, 0x00000000e3400000|100%| O|  |TAMS 0x00000000e3400000, 0x00000000e3400000| Untracked 
|  52|0x00000000e3400000, 0x00000000e3500000, 0x00000000e3500000|100%| O|  |TAMS 0x00000000e3500000, 0x00000000e3500000| Untracked 
|  53|0x00000000e3500000, 0x00000000e3600000, 0x00000000e3600000|100%| O|  |TAMS 0x00000000e3600000, 0x00000000e3600000| Untracked 
|  54|0x00000000e3600000, 0x00000000e3700000, 0x00000000e3700000|100%| O|  |TAMS 0x00000000e3700000, 0x00000000e3700000| Untracked 
|  55|0x00000000e3700000, 0x00000000e3800000, 0x00000000e3800000|100%| O|  |TAMS 0x00000000e3800000, 0x00000000e3800000| Untracked 
|  56|0x00000000e3800000, 0x00000000e3800000, 0x00000000e3900000|  0%| F|  |TAMS 0x00000000e3800000, 0x00000000e3800000| Untracked 
|  57|0x00000000e3900000, 0x00000000e3900000, 0x00000000e3a00000|  0%| F|  |TAMS 0x00000000e3900000, 0x00000000e3900000| Untracked 
|  58|0x00000000e3a00000, 0x00000000e3a00000, 0x00000000e3b00000|  0%| F|  |TAMS 0x00000000e3a00000, 0x00000000e3a00000| Untracked 
|  59|0x00000000e3b00000, 0x00000000e3b00000, 0x00000000e3c00000|  0%| F|  |TAMS 0x00000000e3b00000, 0x00000000e3b00000| Untracked 
|  60|0x00000000e3c00000, 0x00000000e3c00000, 0x00000000e3d00000|  0%| F|  |TAMS 0x00000000e3c00000, 0x00000000e3c00000| Untracked 
|  61|0x00000000e3d00000, 0x00000000e3d00000, 0x00000000e3e00000|  0%| F|  |TAMS 0x00000000e3d00000, 0x00000000e3d00000| Untracked 
|  62|0x00000000e3e00000, 0x00000000e3f00000, 0x00000000e3f00000|100%| O|  |TAMS 0x00000000e3f00000, 0x00000000e3f00000| Untracked 
|  63|0x00000000e3f00000, 0x00000000e4000000, 0x00000000e4000000|100%|HS|  |TAMS 0x00000000e3f00000, 0x00000000e3f00000| Complete 
|  64|0x00000000e4000000, 0x00000000e4100000, 0x00000000e4100000|100%|HC|  |TAMS 0x00000000e4000000, 0x00000000e4000000| Complete 
|  65|0x00000000e4100000, 0x00000000e4200000, 0x00000000e4200000|100%|HC|  |TAMS 0x00000000e4100000, 0x00000000e4100000| Complete 
|  66|0x00000000e4200000, 0x00000000e4300000, 0x00000000e4300000|100%|HC|  |TAMS 0x00000000e4200000, 0x00000000e4200000| Complete 
|  67|0x00000000e4300000, 0x00000000e4400000, 0x00000000e4400000|100%|HC|  |TAMS 0x00000000e4300000, 0x00000000e4300000| Complete 
|  68|0x00000000e4400000, 0x00000000e4500000, 0x00000000e4500000|100%|HC|  |TAMS 0x00000000e4400000, 0x00000000e4400000| Complete 
|  69|0x00000000e4500000, 0x00000000e4600000, 0x00000000e4600000|100%|HC|  |TAMS 0x00000000e4500000, 0x00000000e4500000| Complete 
|  70|0x00000000e4600000, 0x00000000e4700000, 0x00000000e4700000|100%|HC|  |TAMS 0x00000000e4600000, 0x00000000e4600000| Complete 
|  71|0x00000000e4700000, 0x00000000e4800000, 0x00000000e4800000|100%|HC|  |TAMS 0x00000000e4700000, 0x00000000e4700000| Complete 
|  72|0x00000000e4800000, 0x00000000e4800000, 0x00000000e4900000|  0%| F|  |TAMS 0x00000000e4800000, 0x00000000e4800000| Untracked 
|  73|0x00000000e4900000, 0x00000000e4900000, 0x00000000e4a00000|  0%| F|  |TAMS 0x00000000e4900000, 0x00000000e4900000| Untracked 
|  74|0x00000000e4a00000, 0x00000000e4a00000, 0x00000000e4b00000|  0%| F|  |TAMS 0x00000000e4a00000, 0x00000000e4a00000| Untracked 
|  75|0x00000000e4b00000, 0x00000000e4b00000, 0x00000000e4c00000|  0%| F|  |TAMS 0x00000000e4b00000, 0x00000000e4b00000| Untracked 
|  76|0x00000000e4c00000, 0x00000000e4c00000, 0x00000000e4d00000|  0%| F|  |TAMS 0x00000000e4c00000, 0x00000000e4c00000| Untracked 
|  77|0x00000000e4d00000, 0x00000000e4e00000, 0x00000000e4e00000|100%|HS|  |TAMS 0x00000000e4d00000, 0x00000000e4e00000| Complete 
|  78|0x00000000e4e00000, 0x00000000e4f00000, 0x00000000e4f00000|100%|HC|  |TAMS 0x00000000e4e00000, 0x00000000e4f00000| Complete 
|  79|0x00000000e4f00000, 0x00000000e5000000, 0x00000000e5000000|100%|HC|  |TAMS 0x00000000e4f00000, 0x00000000e5000000| Complete 
|  80|0x00000000e5000000, 0x00000000e5100000, 0x00000000e5100000|100%|HC|  |TAMS 0x00000000e5000000, 0x00000000e5100000| Complete 
|  81|0x00000000e5100000, 0x00000000e5200000, 0x00000000e5200000|100%|HC|  |TAMS 0x00000000e5100000, 0x00000000e5200000| Complete 
|  82|0x00000000e5200000, 0x00000000e5300000, 0x00000000e5300000|100%| O|  |TAMS 0x00000000e5200000, 0x00000000e5300000| Untracked 
|  83|0x00000000e5300000, 0x00000000e5400000, 0x00000000e5400000|100%| O|  |TAMS 0x00000000e5400000, 0x00000000e5400000| Untracked 
|  84|0x00000000e5400000, 0x00000000e5500000, 0x00000000e5500000|100%|HS|  |TAMS 0x00000000e5500000, 0x00000000e5500000| Complete 
|  85|0x00000000e5500000, 0x00000000e5600000, 0x00000000e5600000|100%|HC|  |TAMS 0x00000000e5600000, 0x00000000e5600000| Complete 
|  86|0x00000000e5600000, 0x00000000e5700000, 0x00000000e5700000|100%|HC|  |TAMS 0x00000000e5700000, 0x00000000e5700000| Complete 
|  87|0x00000000e5700000, 0x00000000e5800000, 0x00000000e5800000|100%|HC|  |TAMS 0x00000000e5800000, 0x00000000e5800000| Complete 
|  88|0x00000000e5800000, 0x00000000e5900000, 0x00000000e5900000|100%|HC|  |TAMS 0x00000000e5900000, 0x00000000e5900000| Complete 
|  89|0x00000000e5900000, 0x00000000e5a00000, 0x00000000e5a00000|100%|HC|  |TAMS 0x00000000e5a00000, 0x00000000e5a00000| Complete 
|  90|0x00000000e5a00000, 0x00000000e5b00000, 0x00000000e5b00000|100%|HC|  |TAMS 0x00000000e5b00000, 0x00000000e5b00000| Complete 
|  91|0x00000000e5b00000, 0x00000000e5c00000, 0x00000000e5c00000|100%|HC|  |TAMS 0x00000000e5c00000, 0x00000000e5c00000| Complete 
|  92|0x00000000e5c00000, 0x00000000e5d00000, 0x00000000e5d00000|100%|HC|  |TAMS 0x00000000e5d00000, 0x00000000e5d00000| Complete 
|  93|0x00000000e5d00000, 0x00000000e5e00000, 0x00000000e5e00000|100%|HC|  |TAMS 0x00000000e5e00000, 0x00000000e5e00000| Complete 
|  94|0x00000000e5e00000, 0x00000000e5f00000, 0x00000000e5f00000|100%|HC|  |TAMS 0x00000000e5f00000, 0x00000000e5f00000| Complete 
|  95|0x00000000e5f00000, 0x00000000e6000000, 0x00000000e6000000|100%| O|  |TAMS 0x00000000e6000000, 0x00000000e6000000| Untracked 
|  96|0x00000000e6000000, 0x00000000e6100000, 0x00000000e6100000|100%|HS|  |TAMS 0x00000000e6000000, 0x00000000e6000000| Complete 
|  97|0x00000000e6100000, 0x00000000e6200000, 0x00000000e6200000|100%|HC|  |TAMS 0x00000000e6100000, 0x00000000e6100000| Complete 
|  98|0x00000000e6200000, 0x00000000e6300000, 0x00000000e6300000|100%|HC|  |TAMS 0x00000000e6200000, 0x00000000e6200000| Complete 
|  99|0x00000000e6300000, 0x00000000e6400000, 0x00000000e6400000|100%|HC|  |TAMS 0x00000000e6300000, 0x00000000e6300000| Complete 
| 100|0x00000000e6400000, 0x00000000e6500000, 0x00000000e6500000|100%|HC|  |TAMS 0x00000000e6400000, 0x00000000e6400000| Complete 
| 101|0x00000000e6500000, 0x00000000e6600000, 0x00000000e6600000|100%|HC|  |TAMS 0x00000000e6500000, 0x00000000e6500000| Complete 
| 102|0x00000000e6600000, 0x00000000e6700000, 0x00000000e6700000|100%|HC|  |TAMS 0x00000000e6600000, 0x00000000e6600000| Complete 
| 103|0x00000000e6700000, 0x00000000e6800000, 0x00000000e6800000|100%|HC|  |TAMS 0x00000000e6700000, 0x00000000e6700000| Complete 
| 104|0x00000000e6800000, 0x00000000e6900000, 0x00000000e6900000|100%|HC|  |TAMS 0x00000000e6800000, 0x00000000e6800000| Complete 
| 105|0x00000000e6900000, 0x00000000e6a00000, 0x00000000e6a00000|100%|HC|  |TAMS 0x00000000e6900000, 0x00000000e6900000| Complete 
| 106|0x00000000e6a00000, 0x00000000e6b00000, 0x00000000e6b00000|100%|HC|  |TAMS 0x00000000e6a00000, 0x00000000e6a00000| Complete 
| 107|0x00000000e6b00000, 0x00000000e6c00000, 0x00000000e6c00000|100%|HC|  |TAMS 0x00000000e6b00000, 0x00000000e6b00000| Complete 
| 108|0x00000000e6c00000, 0x00000000e6d00000, 0x00000000e6d00000|100%|HC|  |TAMS 0x00000000e6c00000, 0x00000000e6c00000| Complete 
| 109|0x00000000e6d00000, 0x00000000e6e00000, 0x00000000e6e00000|100%|HC|  |TAMS 0x00000000e6d00000, 0x00000000e6d00000| Complete 
| 110|0x00000000e6e00000, 0x00000000e6f00000, 0x00000000e6f00000|100%|HC|  |TAMS 0x00000000e6e00000, 0x00000000e6e00000| Complete 
| 111|0x00000000e6f00000, 0x00000000e7000000, 0x00000000e7000000|100%|HC|  |TAMS 0x00000000e6f00000, 0x00000000e6f00000| Complete 
| 112|0x00000000e7000000, 0x00000000e7100000, 0x00000000e7100000|100%|HC|  |TAMS 0x00000000e7000000, 0x00000000e7000000| Complete 
| 113|0x00000000e7100000, 0x00000000e7200000, 0x00000000e7200000|100%| O|  |TAMS 0x00000000e7100000, 0x00000000e7200000| Untracked 
| 114|0x00000000e7200000, 0x00000000e7300000, 0x00000000e7300000|100%| O|  |TAMS 0x00000000e7200000, 0x00000000e7300000| Untracked 
| 115|0x00000000e7300000, 0x00000000e7400000, 0x00000000e7400000|100%|HS|  |TAMS 0x00000000e7400000, 0x00000000e7400000| Complete 
| 116|0x00000000e7400000, 0x00000000e7500000, 0x00000000e7500000|100%|HC|  |TAMS 0x00000000e7500000, 0x00000000e7500000| Complete 
| 117|0x00000000e7500000, 0x00000000e7600000, 0x00000000e7600000|100%|HC|  |TAMS 0x00000000e7600000, 0x00000000e7600000| Complete 
| 118|0x00000000e7600000, 0x00000000e7700000, 0x00000000e7700000|100%|HC|  |TAMS 0x00000000e7700000, 0x00000000e7700000| Complete 
| 119|0x00000000e7700000, 0x00000000e7800000, 0x00000000e7800000|100%|HC|  |TAMS 0x00000000e7800000, 0x00000000e7800000| Complete 
| 120|0x00000000e7800000, 0x00000000e7900000, 0x00000000e7900000|100%|HC|  |TAMS 0x00000000e7900000, 0x00000000e7900000| Complete 
| 121|0x00000000e7900000, 0x00000000e7a00000, 0x00000000e7a00000|100%|HC|  |TAMS 0x00000000e7a00000, 0x00000000e7a00000| Complete 
| 122|0x00000000e7a00000, 0x00000000e7b00000, 0x00000000e7b00000|100%|HC|  |TAMS 0x00000000e7b00000, 0x00000000e7b00000| Complete 
| 123|0x00000000e7b00000, 0x00000000e7c00000, 0x00000000e7c00000|100%|HC|  |TAMS 0x00000000e7c00000, 0x00000000e7c00000| Complete 
| 124|0x00000000e7c00000, 0x00000000e7c00000, 0x00000000e7d00000|  0%| F|  |TAMS 0x00000000e7c00000, 0x00000000e7c00000| Untracked 
| 125|0x00000000e7d00000, 0x00000000e7d00000, 0x00000000e7e00000|  0%| F|  |TAMS 0x00000000e7d00000, 0x00000000e7d00000| Untracked 
| 126|0x00000000e7e00000, 0x00000000e7e00000, 0x00000000e7f00000|  0%| F|  |TAMS 0x00000000e7e00000, 0x00000000e7e00000| Untracked 
| 127|0x00000000e7f00000, 0x00000000e8000000, 0x00000000e8000000|100%| O|  |TAMS 0x00000000e8000000, 0x00000000e8000000| Untracked 
| 128|0x00000000e8000000, 0x00000000e8100000, 0x00000000e8100000|100%| O|  |TAMS 0x00000000e8100000, 0x00000000e8100000| Untracked 
| 129|0x00000000e8100000, 0x00000000e8200000, 0x00000000e8200000|100%| O|  |TAMS 0x00000000e817b600, 0x00000000e8200000| Untracked 
| 130|0x00000000e8200000, 0x00000000e8300000, 0x00000000e8300000|100%|HS|  |TAMS 0x00000000e8200000, 0x00000000e8300000| Complete 
| 131|0x00000000e8300000, 0x00000000e8400000, 0x00000000e8400000|100%|HC|  |TAMS 0x00000000e8300000, 0x00000000e8400000| Complete 
| 132|0x00000000e8400000, 0x00000000e8500000, 0x00000000e8500000|100%|HC|  |TAMS 0x00000000e8400000, 0x00000000e8500000| Complete 
| 133|0x00000000e8500000, 0x00000000e8600000, 0x00000000e8600000|100%|HC|  |TAMS 0x00000000e8500000, 0x00000000e8600000| Complete 
| 134|0x00000000e8600000, 0x00000000e8700000, 0x00000000e8700000|100%|HC|  |TAMS 0x00000000e8600000, 0x00000000e8700000| Complete 
| 135|0x00000000e8700000, 0x00000000e8800000, 0x00000000e8800000|100%|HC|  |TAMS 0x00000000e8700000, 0x00000000e8800000| Complete 
| 136|0x00000000e8800000, 0x00000000e8900000, 0x00000000e8900000|100%|HC|  |TAMS 0x00000000e8800000, 0x00000000e8900000| Complete 
| 137|0x00000000e8900000, 0x00000000e8a00000, 0x00000000e8a00000|100%|HC|  |TAMS 0x00000000e8900000, 0x00000000e8a00000| Complete 
| 138|0x00000000e8a00000, 0x00000000e8b00000, 0x00000000e8b00000|100%|HC|  |TAMS 0x00000000e8a00000, 0x00000000e8b00000| Complete 
| 139|0x00000000e8b00000, 0x00000000e8c00000, 0x00000000e8c00000|100%| O|  |TAMS 0x00000000e8b00000, 0x00000000e8c00000| Untracked 
| 140|0x00000000e8c00000, 0x00000000e8d00000, 0x00000000e8d00000|100%| O|  |TAMS 0x00000000e8c00000, 0x00000000e8d00000| Untracked 
| 141|0x00000000e8d00000, 0x00000000e8e00000, 0x00000000e8e00000|100%| O|  |TAMS 0x00000000e8d00000, 0x00000000e8e00000| Untracked 
| 142|0x00000000e8e00000, 0x00000000e8f00000, 0x00000000e8f00000|100%| O|  |TAMS 0x00000000e8e00000, 0x00000000e8f00000| Untracked 
| 143|0x00000000e8f00000, 0x00000000e9000000, 0x00000000e9000000|100%|HS|  |TAMS 0x00000000e8f00000, 0x00000000e8f00000| Complete 
| 144|0x00000000e9000000, 0x00000000e9100000, 0x00000000e9100000|100%|HC|  |TAMS 0x00000000e9000000, 0x00000000e9000000| Complete 
| 145|0x00000000e9100000, 0x00000000e9200000, 0x00000000e9200000|100%|HC|  |TAMS 0x00000000e9100000, 0x00000000e9100000| Complete 
| 146|0x00000000e9200000, 0x00000000e9300000, 0x00000000e9300000|100%|HC|  |TAMS 0x00000000e9200000, 0x00000000e9200000| Complete 
| 147|0x00000000e9300000, 0x00000000e9400000, 0x00000000e9400000|100%|HC|  |TAMS 0x00000000e9300000, 0x00000000e9300000| Complete 
| 148|0x00000000e9400000, 0x00000000e9500000, 0x00000000e9500000|100%|HC|  |TAMS 0x00000000e9400000, 0x00000000e9400000| Complete 
| 149|0x00000000e9500000, 0x00000000e9600000, 0x00000000e9600000|100%|HC|  |TAMS 0x00000000e9500000, 0x00000000e9500000| Complete 
| 150|0x00000000e9600000, 0x00000000e9700000, 0x00000000e9700000|100%|HC|  |TAMS 0x00000000e9600000, 0x00000000e9600000| Complete 
| 151|0x00000000e9700000, 0x00000000e9800000, 0x00000000e9800000|100%|HC|  |TAMS 0x00000000e9700000, 0x00000000e9700000| Complete 
| 152|0x00000000e9800000, 0x00000000e9900000, 0x00000000e9900000|100%|HC|  |TAMS 0x00000000e9800000, 0x00000000e9800000| Complete 
| 153|0x00000000e9900000, 0x00000000e9a00000, 0x00000000e9a00000|100%|HC|  |TAMS 0x00000000e9900000, 0x00000000e9900000| Complete 
| 154|0x00000000e9a00000, 0x00000000e9a00000, 0x00000000e9b00000|  0%| F|  |TAMS 0x00000000e9a00000, 0x00000000e9a00000| Untracked 
| 155|0x00000000e9b00000, 0x00000000e9b00000, 0x00000000e9c00000|  0%| F|  |TAMS 0x00000000e9b00000, 0x00000000e9b00000| Untracked 
| 156|0x00000000e9c00000, 0x00000000e9c00000, 0x00000000e9d00000|  0%| F|  |TAMS 0x00000000e9c00000, 0x00000000e9c00000| Untracked 
| 157|0x00000000e9d00000, 0x00000000e9d00000, 0x00000000e9e00000|  0%| F|  |TAMS 0x00000000e9d00000, 0x00000000e9d00000| Untracked 
| 158|0x00000000e9e00000, 0x00000000e9e00000, 0x00000000e9f00000|  0%| F|  |TAMS 0x00000000e9e00000, 0x00000000e9e00000| Untracked 
| 159|0x00000000e9f00000, 0x00000000e9f00000, 0x00000000ea000000|  0%| F|  |TAMS 0x00000000e9f00000, 0x00000000e9f00000| Untracked 
| 160|0x00000000ea000000, 0x00000000ea000000, 0x00000000ea100000|  0%| F|  |TAMS 0x00000000ea000000, 0x00000000ea000000| Untracked 
| 161|0x00000000ea100000, 0x00000000ea100000, 0x00000000ea200000|  0%| F|  |TAMS 0x00000000ea100000, 0x00000000ea100000| Untracked 
| 162|0x00000000ea200000, 0x00000000ea200000, 0x00000000ea300000|  0%| F|  |TAMS 0x00000000ea200000, 0x00000000ea200000| Untracked 
| 163|0x00000000ea300000, 0x00000000ea300000, 0x00000000ea400000|  0%| F|  |TAMS 0x00000000ea300000, 0x00000000ea300000| Untracked 
| 164|0x00000000ea400000, 0x00000000ea400000, 0x00000000ea500000|  0%| F|  |TAMS 0x00000000ea400000, 0x00000000ea400000| Untracked 
| 165|0x00000000ea500000, 0x00000000ea500000, 0x00000000ea600000|  0%| F|  |TAMS 0x00000000ea500000, 0x00000000ea500000| Untracked 
| 166|0x00000000ea600000, 0x00000000ea600000, 0x00000000ea700000|  0%| F|  |TAMS 0x00000000ea600000, 0x00000000ea600000| Untracked 
| 167|0x00000000ea700000, 0x00000000ea700000, 0x00000000ea800000|  0%| F|  |TAMS 0x00000000ea700000, 0x00000000ea700000| Untracked 
| 168|0x00000000ea800000, 0x00000000ea800000, 0x00000000ea900000|  0%| F|  |TAMS 0x00000000ea800000, 0x00000000ea800000| Untracked 
| 169|0x00000000ea900000, 0x00000000ea900000, 0x00000000eaa00000|  0%| F|  |TAMS 0x00000000ea900000, 0x00000000ea900000| Untracked 
| 170|0x00000000eaa00000, 0x00000000eaa00000, 0x00000000eab00000|  0%| F|  |TAMS 0x00000000eaa00000, 0x00000000eaa00000| Untracked 
| 171|0x00000000eab00000, 0x00000000eab00000, 0x00000000eac00000|  0%| F|  |TAMS 0x00000000eab00000, 0x00000000eab00000| Untracked 
| 172|0x00000000eac00000, 0x00000000eac00000, 0x00000000ead00000|  0%| F|  |TAMS 0x00000000eac00000, 0x00000000eac00000| Untracked 
| 173|0x00000000ead00000, 0x00000000ead00000, 0x00000000eae00000|  0%| F|  |TAMS 0x00000000ead00000, 0x00000000ead00000| Untracked 
| 174|0x00000000eae00000, 0x00000000eae00000, 0x00000000eaf00000|  0%| F|  |TAMS 0x00000000eae00000, 0x00000000eae00000| Untracked 
| 175|0x00000000eaf00000, 0x00000000eaf00000, 0x00000000eb000000|  0%| F|  |TAMS 0x00000000eaf00000, 0x00000000eaf00000| Untracked 
| 176|0x00000000eb000000, 0x00000000eb000000, 0x00000000eb100000|  0%| F|  |TAMS 0x00000000eb000000, 0x00000000eb000000| Untracked 
| 177|0x00000000eb100000, 0x00000000eb100000, 0x00000000eb200000|  0%| F|  |TAMS 0x00000000eb100000, 0x00000000eb100000| Untracked 
| 178|0x00000000eb200000, 0x00000000eb200000, 0x00000000eb300000|  0%| F|  |TAMS 0x00000000eb200000, 0x00000000eb200000| Untracked 
| 179|0x00000000eb300000, 0x00000000eb300000, 0x00000000eb400000|  0%| F|  |TAMS 0x00000000eb300000, 0x00000000eb300000| Untracked 
| 180|0x00000000eb400000, 0x00000000eb400000, 0x00000000eb500000|  0%| F|  |TAMS 0x00000000eb400000, 0x00000000eb400000| Untracked 
| 181|0x00000000eb500000, 0x00000000eb500000, 0x00000000eb600000|  0%| F|  |TAMS 0x00000000eb500000, 0x00000000eb500000| Untracked 
| 182|0x00000000eb600000, 0x00000000eb600000, 0x00000000eb700000|  0%| F|  |TAMS 0x00000000eb600000, 0x00000000eb600000| Untracked 
| 183|0x00000000eb700000, 0x00000000eb700000, 0x00000000eb800000|  0%| F|  |TAMS 0x00000000eb700000, 0x00000000eb700000| Untracked 
| 184|0x00000000eb800000, 0x00000000eb800000, 0x00000000eb900000|  0%| F|  |TAMS 0x00000000eb800000, 0x00000000eb800000| Untracked 
| 185|0x00000000eb900000, 0x00000000eb900000, 0x00000000eba00000|  0%| F|  |TAMS 0x00000000eb900000, 0x00000000eb900000| Untracked 
| 186|0x00000000eba00000, 0x00000000eba00000, 0x00000000ebb00000|  0%| F|  |TAMS 0x00000000eba00000, 0x00000000eba00000| Untracked 
| 187|0x00000000ebb00000, 0x00000000ebb00000, 0x00000000ebc00000|  0%| F|  |TAMS 0x00000000ebb00000, 0x00000000ebb00000| Untracked 
| 188|0x00000000ebc00000, 0x00000000ebc00000, 0x00000000ebd00000|  0%| F|  |TAMS 0x00000000ebc00000, 0x00000000ebc00000| Untracked 
| 189|0x00000000ebd00000, 0x00000000ebd00000, 0x00000000ebe00000|  0%| F|  |TAMS 0x00000000ebd00000, 0x00000000ebd00000| Untracked 
| 190|0x00000000ebe00000, 0x00000000ebe00000, 0x00000000ebf00000|  0%| F|  |TAMS 0x00000000ebe00000, 0x00000000ebe00000| Untracked 
| 191|0x00000000ebf00000, 0x00000000ebf00000, 0x00000000ec000000|  0%| F|  |TAMS 0x00000000ebf00000, 0x00000000ebf00000| Untracked 
| 192|0x00000000ec000000, 0x00000000ec000000, 0x00000000ec100000|  0%| F|  |TAMS 0x00000000ec000000, 0x00000000ec000000| Untracked 
| 193|0x00000000ec100000, 0x00000000ec100000, 0x00000000ec200000|  0%| F|  |TAMS 0x00000000ec100000, 0x00000000ec100000| Untracked 
| 194|0x00000000ec200000, 0x00000000ec200000, 0x00000000ec300000|  0%| F|  |TAMS 0x00000000ec200000, 0x00000000ec200000| Untracked 
| 195|0x00000000ec300000, 0x00000000ec300000, 0x00000000ec400000|  0%| F|  |TAMS 0x00000000ec300000, 0x00000000ec300000| Untracked 
| 196|0x00000000ec400000, 0x00000000ec400000, 0x00000000ec500000|  0%| F|  |TAMS 0x00000000ec400000, 0x00000000ec400000| Untracked 
| 197|0x00000000ec500000, 0x00000000ec500000, 0x00000000ec600000|  0%| F|  |TAMS 0x00000000ec500000, 0x00000000ec500000| Untracked 
| 198|0x00000000ec600000, 0x00000000ec600000, 0x00000000ec700000|  0%| F|  |TAMS 0x00000000ec600000, 0x00000000ec600000| Untracked 
| 199|0x00000000ec700000, 0x00000000ec700000, 0x00000000ec800000|  0%| F|  |TAMS 0x00000000ec700000, 0x00000000ec700000| Untracked 
| 200|0x00000000ec800000, 0x00000000ec800000, 0x00000000ec900000|  0%| F|  |TAMS 0x00000000ec800000, 0x00000000ec800000| Untracked 
| 201|0x00000000ec900000, 0x00000000ec900000, 0x00000000eca00000|  0%| F|  |TAMS 0x00000000ec900000, 0x00000000ec900000| Untracked 
| 202|0x00000000eca00000, 0x00000000eca00000, 0x00000000ecb00000|  0%| F|  |TAMS 0x00000000eca00000, 0x00000000eca00000| Untracked 
| 203|0x00000000ecb00000, 0x00000000ecb00000, 0x00000000ecc00000|  0%| F|  |TAMS 0x00000000ecb00000, 0x00000000ecb00000| Untracked 
| 204|0x00000000ecc00000, 0x00000000ecc00000, 0x00000000ecd00000|  0%| F|  |TAMS 0x00000000ecc00000, 0x00000000ecc00000| Untracked 
| 205|0x00000000ecd00000, 0x00000000ecd00000, 0x00000000ece00000|  0%| F|  |TAMS 0x00000000ecd00000, 0x00000000ecd00000| Untracked 
| 206|0x00000000ece00000, 0x00000000ece00000, 0x00000000ecf00000|  0%| F|  |TAMS 0x00000000ece00000, 0x00000000ece00000| Untracked 
| 207|0x00000000ecf00000, 0x00000000ecf00000, 0x00000000ed000000|  0%| F|  |TAMS 0x00000000ecf00000, 0x00000000ecf00000| Untracked 
| 208|0x00000000ed000000, 0x00000000ed000000, 0x00000000ed100000|  0%| F|  |TAMS 0x00000000ed000000, 0x00000000ed000000| Untracked 
| 209|0x00000000ed100000, 0x00000000ed100000, 0x00000000ed200000|  0%| F|  |TAMS 0x00000000ed100000, 0x00000000ed100000| Untracked 
| 210|0x00000000ed200000, 0x00000000ed200000, 0x00000000ed300000|  0%| F|  |TAMS 0x00000000ed200000, 0x00000000ed200000| Untracked 
| 211|0x00000000ed300000, 0x00000000ed300000, 0x00000000ed400000|  0%| F|  |TAMS 0x00000000ed300000, 0x00000000ed300000| Untracked 
| 212|0x00000000ed400000, 0x00000000ed400000, 0x00000000ed500000|  0%| F|  |TAMS 0x00000000ed400000, 0x00000000ed400000| Untracked 
| 213|0x00000000ed500000, 0x00000000ed500000, 0x00000000ed600000|  0%| F|  |TAMS 0x00000000ed500000, 0x00000000ed500000| Untracked 
| 214|0x00000000ed600000, 0x00000000ed600000, 0x00000000ed700000|  0%| F|  |TAMS 0x00000000ed600000, 0x00000000ed600000| Untracked 
| 215|0x00000000ed700000, 0x00000000ed700000, 0x00000000ed800000|  0%| F|  |TAMS 0x00000000ed700000, 0x00000000ed700000| Untracked 
| 216|0x00000000ed800000, 0x00000000ed800000, 0x00000000ed900000|  0%| F|  |TAMS 0x00000000ed800000, 0x00000000ed800000| Untracked 
| 217|0x00000000ed900000, 0x00000000ed900000, 0x00000000eda00000|  0%| F|  |TAMS 0x00000000ed900000, 0x00000000ed900000| Untracked 
| 218|0x00000000eda00000, 0x00000000eda00000, 0x00000000edb00000|  0%| F|  |TAMS 0x00000000eda00000, 0x00000000eda00000| Untracked 
| 219|0x00000000edb00000, 0x00000000edb00000, 0x00000000edc00000|  0%| F|  |TAMS 0x00000000edb00000, 0x00000000edb00000| Untracked 
| 220|0x00000000edc00000, 0x00000000edc00000, 0x00000000edd00000|  0%| F|  |TAMS 0x00000000edc00000, 0x00000000edc00000| Untracked 
| 221|0x00000000edd00000, 0x00000000edd00000, 0x00000000ede00000|  0%| F|  |TAMS 0x00000000edd00000, 0x00000000edd00000| Untracked 
| 222|0x00000000ede00000, 0x00000000ede00000, 0x00000000edf00000|  0%| F|  |TAMS 0x00000000ede00000, 0x00000000ede00000| Untracked 
| 223|0x00000000edf00000, 0x00000000edf00000, 0x00000000ee000000|  0%| F|  |TAMS 0x00000000edf00000, 0x00000000edf00000| Untracked 
| 224|0x00000000ee000000, 0x00000000ee000000, 0x00000000ee100000|  0%| F|  |TAMS 0x00000000ee000000, 0x00000000ee000000| Untracked 
| 225|0x00000000ee100000, 0x00000000ee100000, 0x00000000ee200000|  0%| F|  |TAMS 0x00000000ee100000, 0x00000000ee100000| Untracked 
| 226|0x00000000ee200000, 0x00000000ee200000, 0x00000000ee300000|  0%| F|  |TAMS 0x00000000ee200000, 0x00000000ee200000| Untracked 
| 227|0x00000000ee300000, 0x00000000ee300000, 0x00000000ee400000|  0%| F|  |TAMS 0x00000000ee300000, 0x00000000ee300000| Untracked 
| 228|0x00000000ee400000, 0x00000000ee400000, 0x00000000ee500000|  0%| F|  |TAMS 0x00000000ee400000, 0x00000000ee400000| Untracked 
| 229|0x00000000ee500000, 0x00000000ee500000, 0x00000000ee600000|  0%| F|  |TAMS 0x00000000ee500000, 0x00000000ee500000| Untracked 
| 230|0x00000000ee600000, 0x00000000ee600000, 0x00000000ee700000|  0%| F|  |TAMS 0x00000000ee600000, 0x00000000ee600000| Untracked 
| 231|0x00000000ee700000, 0x00000000ee700000, 0x00000000ee800000|  0%| F|  |TAMS 0x00000000ee700000, 0x00000000ee700000| Untracked 
| 232|0x00000000ee800000, 0x00000000ee800000, 0x00000000ee900000|  0%| F|  |TAMS 0x00000000ee800000, 0x00000000ee800000| Untracked 
| 233|0x00000000ee900000, 0x00000000ee900000, 0x00000000eea00000|  0%| F|  |TAMS 0x00000000ee900000, 0x00000000ee900000| Untracked 
| 234|0x00000000eea00000, 0x00000000eea00000, 0x00000000eeb00000|  0%| F|  |TAMS 0x00000000eea00000, 0x00000000eea00000| Untracked 
| 235|0x00000000eeb00000, 0x00000000eeb00000, 0x00000000eec00000|  0%| F|  |TAMS 0x00000000eeb00000, 0x00000000eeb00000| Untracked 
| 236|0x00000000eec00000, 0x00000000eec00000, 0x00000000eed00000|  0%| F|  |TAMS 0x00000000eec00000, 0x00000000eec00000| Untracked 
| 237|0x00000000eed00000, 0x00000000eed00000, 0x00000000eee00000|  0%| F|  |TAMS 0x00000000eed00000, 0x00000000eed00000| Untracked 
| 238|0x00000000eee00000, 0x00000000eee00000, 0x00000000eef00000|  0%| F|  |TAMS 0x00000000eee00000, 0x00000000eee00000| Untracked 
| 239|0x00000000eef00000, 0x00000000eef00000, 0x00000000ef000000|  0%| F|  |TAMS 0x00000000eef00000, 0x00000000eef00000| Untracked 
| 240|0x00000000ef000000, 0x00000000ef000000, 0x00000000ef100000|  0%| F|  |TAMS 0x00000000ef000000, 0x00000000ef000000| Untracked 
| 241|0x00000000ef100000, 0x00000000ef100000, 0x00000000ef200000|  0%| F|  |TAMS 0x00000000ef100000, 0x00000000ef100000| Untracked 
| 242|0x00000000ef200000, 0x00000000ef200000, 0x00000000ef300000|  0%| F|  |TAMS 0x00000000ef200000, 0x00000000ef200000| Untracked 
| 243|0x00000000ef300000, 0x00000000ef300000, 0x00000000ef400000|  0%| F|  |TAMS 0x00000000ef300000, 0x00000000ef300000| Untracked 
| 244|0x00000000ef400000, 0x00000000ef400000, 0x00000000ef500000|  0%| F|  |TAMS 0x00000000ef400000, 0x00000000ef400000| Untracked 
| 245|0x00000000ef500000, 0x00000000ef500000, 0x00000000ef600000|  0%| F|  |TAMS 0x00000000ef500000, 0x00000000ef500000| Untracked 
| 246|0x00000000ef600000, 0x00000000ef600000, 0x00000000ef700000|  0%| F|  |TAMS 0x00000000ef600000, 0x00000000ef600000| Untracked 
| 247|0x00000000ef700000, 0x00000000ef700000, 0x00000000ef800000|  0%| F|  |TAMS 0x00000000ef700000, 0x00000000ef700000| Untracked 
| 248|0x00000000ef800000, 0x00000000ef800000, 0x00000000ef900000|  0%| F|  |TAMS 0x00000000ef800000, 0x00000000ef800000| Untracked 
| 249|0x00000000ef900000, 0x00000000ef900000, 0x00000000efa00000|  0%| F|  |TAMS 0x00000000ef900000, 0x00000000ef900000| Untracked 
| 250|0x00000000efa00000, 0x00000000efa96f90, 0x00000000efb00000| 58%| S|CS|TAMS 0x00000000efa00000, 0x00000000efa00000| Complete 
| 251|0x00000000efb00000, 0x00000000efc00000, 0x00000000efc00000|100%| S|CS|TAMS 0x00000000efb00000, 0x00000000efb00000| Complete 
| 252|0x00000000efc00000, 0x00000000efc00000, 0x00000000efd00000|  0%| F|  |TAMS 0x00000000efc00000, 0x00000000efc00000| Untracked 
| 253|0x00000000efd00000, 0x00000000efd00000, 0x00000000efe00000|  0%| F|  |TAMS 0x00000000efd00000, 0x00000000efd00000| Untracked 
| 254|0x00000000efe00000, 0x00000000efef9f00, 0x00000000eff00000| 97%| E|  |TAMS 0x00000000efe00000, 0x00000000efe00000| Complete 
| 255|0x00000000eff00000, 0x00000000f0000000, 0x00000000f0000000|100%| E|CS|TAMS 0x00000000eff00000, 0x00000000eff00000| Complete 

Card table byte_map: [0x000002555c2c0000,0x000002555c3c0000] _byte_map_base: 0x000002555bbc0000

Marking Bits (Prev, Next): (CMBitMap*) 0x0000025544be3b78, (CMBitMap*) 0x0000025544be3bb0
 Prev Bits: [0x000002555c4c0000, 0x000002555ccc0000)
 Next Bits: [0x000002555ccc0000, 0x000002555d4c0000)

Polling page: 0x00000255429e0000

Metaspace:

Usage:
  Non-class:     75.66 MB capacity,    74.48 MB ( 98%) used,     1.01 MB (  1%) free+waste,   173.75 KB ( <1%) overhead. 
      Class:     10.92 MB capacity,    10.26 MB ( 94%) used,   597.91 KB (  5%) free+waste,    77.19 KB ( <1%) overhead. 
       Both:     86.58 MB capacity,    84.74 MB ( 98%) used,     1.60 MB (  2%) free+waste,   250.94 KB ( <1%) overhead. 

Virtual space:
  Non-class space:       76.00 MB reserved,      75.75 MB (>99%) committed 
      Class space:      248.00 MB reserved,      11.13 MB (  4%) committed 
             Both:      324.00 MB reserved,      86.88 MB ( 27%) committed 

Chunk freelists:
   Non-Class:  11.38 KB
       Class:  14.13 KB
        Both:  25.50 KB

CodeHeap 'non-profiled nmethods': size=120000Kb used=9378Kb max_used=9378Kb free=110622Kb
 bounds [0x0000025554960000, 0x0000025555290000, 0x000002555be90000]
CodeHeap 'profiled nmethods': size=120000Kb used=29242Kb max_used=29242Kb free=90757Kb
 bounds [0x000002554d430000, 0x000002554f0e0000, 0x0000025554960000]
CodeHeap 'non-nmethods': size=5760Kb used=2312Kb max_used=2365Kb free=3447Kb
 bounds [0x000002554ce90000, 0x000002554d100000, 0x000002554d430000]
 total_blobs=18090 nmethods=11919 adapters=832
 compilation: enabled
              stopped_count=0, restarted_count=0
 full_count=0

Compilation events (10 events):
Event: 598.765 Thread 0x0000025560810000 13207       3       com.google.common.util.concurrent.AbstractFuture$TrustedFuture::get (5 bytes)
Event: 598.765 Thread 0x0000025560810000 nmethod 13207 0x000002554f0cb690 code [0x000002554f0cb840, 0x000002554f0cb9d0]
Event: 598.765 Thread 0x0000025560810000 13208       3       com.google.common.util.concurrent.AbstractFuture::get (167 bytes)
Event: 598.767 Thread 0x0000025560810000 nmethod 13208 0x000002554f0cba90 code [0x000002554f0cbdc0, 0x000002554f0cd1b0]
Event: 598.767 Thread 0x0000025560810000 13209       3       com.google.common.util.concurrent.AbstractFuture::getDoneValue (55 bytes)
Event: 598.768 Thread 0x0000025560810000 nmethod 13209 0x000002554f0cd790 code [0x000002554f0cd9c0, 0x000002554f0ce270]
Event: 598.768 Thread 0x0000025560810000 13210       3       com.google.common.cache.LocalCache$LoadingValueReference::elapsedNanos (11 bytes)
Event: 598.768 Thread 0x0000025560810000 nmethod 13210 0x000002554f0ce490 code [0x000002554f0ce660, 0x000002554f0ce8a0]
Event: 598.784 Thread 0x0000025560810000 13211       3       com.google.common.collect.Iterables::isEmpty (37 bytes)
Event: 598.784 Thread 0x0000025560810000 nmethod 13211 0x000002554f0ce990 code [0x000002554f0ceba0, 0x000002554f0cf1d0]

GC Heap History (10 events):
Event: 576.186 GC heap before
{Heap before GC invocations=25 (full 0):
 garbage-first heap   total 262144K, used 215535K [0x00000000e0000000, 0x0000000100000000)
  region size 1024K, 148 young (151552K), 1 survivors (1024K)
 Metaspace       used 76588K, capacity 78384K, committed 78464K, reserved 323584K
  class space    used 9163K, capacity 9778K, committed 9856K, reserved 253952K
}
Event: 576.187 GC heap after
{Heap after GC invocations=26 (full 0):
 garbage-first heap   total 262144K, used 64642K [0x00000000e0000000, 0x0000000100000000)
  region size 1024K, 1 young (1024K), 1 survivors (1024K)
 Metaspace       used 76588K, capacity 78384K, committed 78464K, reserved 323584K
  class space    used 9163K, capacity 9778K, committed 9856K, reserved 253952K
}
Event: 583.399 GC heap before
{Heap before GC invocations=26 (full 0):
 garbage-first heap   total 262144K, used 218242K [0x00000000e0000000, 0x0000000100000000)
  region size 1024K, 151 young (154624K), 1 survivors (1024K)
 Metaspace       used 83006K, capacity 84856K, committed 84992K, reserved 329728K
  class space    used 10062K, capacity 10717K, committed 10752K, reserved 253952K
}
Event: 583.406 GC heap after
{Heap after GC invocations=27 (full 0):
 garbage-first heap   total 262144K, used 69145K [0x00000000e0000000, 0x0000000100000000)
  region size 1024K, 5 young (5120K), 5 survivors (5120K)
 Metaspace       used 83006K, capacity 84856K, committed 84992K, reserved 329728K
  class space    used 10062K, capacity 10717K, committed 10752K, reserved 253952K
}
Event: 598.420 GC heap before
{Heap before GC invocations=27 (full 0):
 garbage-first heap   total 262144K, used 221721K [0x00000000e0000000, 0x0000000100000000)
  region size 1024K, 103 young (105472K), 5 survivors (5120K)
 Metaspace       used 86290K, capacity 88361K, committed 88576K, reserved 331776K
  class space    used 10480K, capacity 11215K, committed 11264K, reserved 253952K
}
Event: 598.436 GC heap after
{Heap after GC invocations=28 (full 0):
 garbage-first heap   total 262144K, used 90094K [0x00000000e0000000, 0x0000000100000000)
  region size 1024K, 12 young (12288K), 12 survivors (12288K)
 Metaspace       used 86290K, capacity 88361K, committed 88576K, reserved 331776K
  class space    used 10480K, capacity 11215K, committed 11264K, reserved 253952K
}
Event: 598.574 GC heap before
{Heap before GC invocations=29 (full 0):
 garbage-first heap   total 262144K, used 145390K [0x00000000e0000000, 0x0000000100000000)
  region size 1024K, 18 young (18432K), 12 survivors (12288K)
 Metaspace       used 86560K, capacity 88471K, committed 88960K, reserved 331776K
  class space    used 10468K, capacity 11141K, committed 11392K, reserved 253952K
}
Event: 598.592 GC heap after
{Heap after GC invocations=30 (full 0):
 garbage-first heap   total 262144K, used 100797K [0x00000000e0000000, 0x0000000100000000)
  region size 1024K, 8 young (8192K), 8 survivors (8192K)
 Metaspace       used 86560K, capacity 88471K, committed 88960K, reserved 331776K
  class space    used 10468K, capacity 11141K, committed 11392K, reserved 253952K
}
Event: 598.750 GC heap before
{Heap before GC invocations=31 (full 0):
 garbage-first heap   total 262144K, used 149949K [0x00000000e0000000, 0x0000000100000000)
  region size 1024K, 12 young (12288K), 8 survivors (8192K)
 Metaspace       used 86756K, capacity 88658K, committed 88960K, reserved 331776K
  class space    used 10506K, capacity 11182K, committed 11392K, reserved 253952K
}
Event: 598.761 GC heap after
{Heap after GC invocations=32 (full 0):
 garbage-first heap   total 262144K, used 107099K [0x00000000e0000000, 0x0000000100000000)
  region size 1024K, 2 young (2048K), 2 survivors (2048K)
 Metaspace       used 86756K, capacity 88658K, committed 88960K, reserved 331776K
  class space    used 10506K, capacity 11182K, committed 11392K, reserved 253952K
}

Deoptimization events (10 events):
Event: 598.607 Thread 0x0000025564fe5000 Uncommon trap: reason=unstable_if action=reinterpret pc=0x0000025555140f20 method=java.io.File.getParent()Ljava/lang/String; @ 16 c2
Event: 598.607 Thread 0x0000025564fe5000 Uncommon trap: reason=unstable_if action=reinterpret pc=0x000002555513a9d0 method=java.io.File.getParent()Ljava/lang/String; @ 16 c2
Event: 598.614 Thread 0x0000025564fe5000 Uncommon trap: reason=bimorphic_or_optimized_type_check action=maybe_recompile pc=0x0000025554bb6668 method=java.util.Collections$SetFromMap.remove(Ljava/lang/Object;)Z @ 5 c2
Event: 598.743 Thread 0x0000025564fe5000 Uncommon trap: reason=bimorphic_or_optimized_type_check action=maybe_recompile pc=0x000002555512a0ac method=sun.nio.fs.WindowsChannelFactory$Flags.toFlags(Ljava/util/Set;)Lsun/nio/fs/WindowsChannelFactory$Flags; @ 25 c2
Event: 598.744 Thread 0x0000025564fe5000 Uncommon trap: reason=class_check action=maybe_recompile pc=0x00000255550a2a04 method=java.util.stream.Sink$ChainedReference.cancellationRequested()Z @ 4 c2
Event: 598.744 Thread 0x0000025564fe5000 Uncommon trap: reason=unstable_if action=reinterpret pc=0x0000025554dd4470 method=java.nio.DirectByteBuffer.put([BII)Ljava/nio/ByteBuffer; @ 8 c2
Event: 598.748 Thread 0x0000025564fe5000 Uncommon trap: reason=unstable_if action=reinterpret pc=0x0000025554aa6918 method=org.gradle.internal.fingerprint.impl.DefaultFileSystemLocationFingerprint.hashForType(Lorg/gradle/internal/file/FileType;Lorg/gradle/internal/hash/HashCode;)Lorg/gradle/inte
Event: 598.763 Thread 0x0000025564fe5000 Uncommon trap: reason=bimorphic_or_optimized_type_check action=maybe_recompile pc=0x0000025554bb6668 method=java.util.Collections$SetFromMap.remove(Ljava/lang/Object;)Z @ 5 c2
Event: 598.769 Thread 0x0000025564fe5000 Uncommon trap: reason=bimorphic_or_optimized_type_check action=maybe_recompile pc=0x000002555512a0ac method=sun.nio.fs.WindowsChannelFactory$Flags.toFlags(Ljava/util/Set;)Lsun/nio/fs/WindowsChannelFactory$Flags; @ 25 c2
Event: 598.784 Thread 0x0000025564fe5000 Uncommon trap: reason=bimorphic_or_optimized_type_check action=maybe_recompile pc=0x0000025554bb6668 method=java.util.Collections$SetFromMap.remove(Ljava/lang/Object;)Z @ 5 c2

Classes redefined (0 events):
No events

Internal exceptions (10 events):
Event: 598.145 Thread 0x0000025567bef000 Exception <a 'java/net/SocketTimeoutException'{0x00000000ea6065b0}: Read timed out> (0x00000000ea6065b0) thrown at [t:/workspace/open/src/hotspot/share/prims/jni.cpp, line 636]
Event: 598.147 Thread 0x0000025564fe8000 Exception <a 'java/net/SocketTimeoutException'{0x00000000ea786ff0}: Read timed out> (0x00000000ea786ff0) thrown at [t:/workspace/open/src/hotspot/share/prims/jni.cpp, line 636]
Event: 598.148 Thread 0x0000025567bed000 Exception <a 'java/net/SocketTimeoutException'{0x00000000ea889c70}: Read timed out> (0x00000000ea889c70) thrown at [t:/workspace/open/src/hotspot/share/prims/jni.cpp, line 636]
Event: 598.149 Thread 0x0000025564fe5000 Exception <a 'java/net/SocketTimeoutException'{0x00000000ea506430}: Read timed out> (0x00000000ea506430) thrown at [t:/workspace/open/src/hotspot/share/prims/jni.cpp, line 636]
Event: 598.149 Thread 0x0000025567be8800 Exception <a 'java/net/SocketTimeoutException'{0x00000000ea6862c0}: Read timed out> (0x00000000ea6862c0) thrown at [t:/workspace/open/src/hotspot/share/prims/jni.cpp, line 636]
Event: 598.149 Thread 0x0000025567bee000 Exception <a 'java/net/SocketTimeoutException'{0x00000000ea8378e8}: Read timed out> (0x00000000ea8378e8) thrown at [t:/workspace/open/src/hotspot/share/prims/jni.cpp, line 636]
Event: 598.149 Thread 0x0000025562871000 Exception <a 'java/net/SocketTimeoutException'{0x00000000ea9bf2e8}: Read timed out> (0x00000000ea9bf2e8) thrown at [t:/workspace/open/src/hotspot/share/prims/jni.cpp, line 636]
Event: 598.238 Thread 0x0000025560ae4000 Exception <a 'java/lang/NoSuchMethodError'{0x00000000ea5d6a50}: java.lang.invoke.DirectMethodHandle$Holder.invokeSpecial(Ljava/lang/Object;Ljava/lang/Object;Ljava/lang/Object;Ljava/lang/Object;Ljava/lang/Object;Ljava/lang/Object;Ljava/lang/Object;Ljava/la
Event: 598.240 Thread 0x0000025560ae4000 Exception <a 'java/lang/NoSuchMethodError'{0x00000000ea5ef580}: java.lang.invoke.Invokers$Holder.linkToTargetMethod(Ljava/lang/Object;Ljava/lang/Object;Ljava/lang/Object;Ljava/lang/Object;Ljava/lang/Object;Ljava/lang/Object;Ljava/lang/Object;Ljava/lang/Ob
Event: 598.245 Thread 0x0000025560ae4000 Exception <a 'java/lang/NoSuchMethodError'{0x00000000ea4364f8}: java.lang.invoke.Invokers$Holder.linkToTargetMethod(Ljava/lang/Object;Ljava/lang/Object;Ljava/lang/Object;Ljava/lang/Object;Ljava/lang/Object;Ljava/lang/Object;Ljava/lang/Object;Ljava/lang/Ob

Events (10 events):
Event: 598.769 Thread 0x0000025564fe5000 DEOPT UNPACKING pc=0x000002554ceb8eaf sp=0x000000e771afbcf0 mode 2
Event: 598.784 Thread 0x0000025564fe5000 Uncommon trap: trap_request=0xffffffc6 fr.pc=0x0000025554bb6668 relative=0x0000000000000488
Event: 598.784 Thread 0x0000025564fe5000 DEOPT PACKING pc=0x0000025554bb6668 sp=0x000000e771afec80
Event: 598.784 Thread 0x0000025564fe5000 DEOPT UNPACKING pc=0x000002554ceb8eaf sp=0x000000e771afec78 mode 2
Event: 598.787 Executing VM operation: RevokeBias
Event: 598.787 Executing VM operation: RevokeBias done
Event: 598.788 Executing VM operation: RevokeBias
Event: 598.788 Executing VM operation: RevokeBias done
Event: 598.788 Executing VM operation: RevokeBias
Event: 598.789 Executing VM operation: RevokeBias done


Dynamic libraries:
0x00007ff7d8d20000 - 0x00007ff7d8d67000 	C:\Program Files\Java\jdk-11.0.4\bin\java.exe
0x00007ffee1060000 - 0x00007ffee1250000 	C:\Windows\SYSTEM32\ntdll.dll
0x00007ffee00d0000 - 0x00007ffee0182000 	C:\Windows\System32\KERNEL32.DLL
0x00007ffeded80000 - 0x00007ffedf023000 	C:\Windows\System32\KERNELBASE.dll
0x00007ffedfb50000 - 0x00007ffedfbf3000 	C:\Windows\System32\ADVAPI32.dll
0x00007ffee0d10000 - 0x00007ffee0dae000 	C:\Windows\System32\msvcrt.dll
0x00007ffee0e60000 - 0x00007ffee0ef7000 	C:\Windows\System32\sechost.dll
0x00007ffedfc80000 - 0x00007ffedfda0000 	C:\Windows\System32\RPCRT4.dll
0x00007ffee0880000 - 0x00007ffee0a14000 	C:\Windows\System32\USER32.dll
0x00007ffede140000 - 0x00007ffede161000 	C:\Windows\System32\win32u.dll
0x00007ffedfee0000 - 0x00007ffedff06000 	C:\Windows\System32\GDI32.dll
0x00007ffede2b0000 - 0x00007ffede444000 	C:\Windows\System32\gdi32full.dll
0x00007ffede170000 - 0x00007ffede20e000 	C:\Windows\System32\msvcp_win.dll
0x00007ffedec80000 - 0x00007ffeded7a000 	C:\Windows\System32\ucrtbase.dll
0x00007ffecd930000 - 0x00007ffecdbb5000 	C:\Windows\WinSxS\amd64_microsoft.windows.common-controls_6595b64144ccf1df_6.0.18362.418_none_e6c6b287130d565d\COMCTL32.dll
0x00007ffeddd40000 - 0x00007ffeddd4a000 	C:\Windows\SYSTEM32\VERSION.dll
0x00007ffedf810000 - 0x00007ffedfb46000 	C:\Windows\System32\combase.dll
0x00007ffedf030000 - 0x00007ffedf0b0000 	C:\Windows\System32\bcryptPrimitives.dll
0x00007ffee0db0000 - 0x00007ffee0dde000 	C:\Windows\System32\IMM32.DLL
0x00007ffedddf0000 - 0x00007ffedde20000 	C:\Windows\system32\DriverStore\FileRepository\nvtswu.inf_amd64_ba671cfd84d2b41d\nvinitx.dll
0x00007ffedf110000 - 0x00007ffedf7f5000 	C:\Windows\System32\Shell32.dll
0x00007ffede210000 - 0x00007ffede25a000 	C:\Windows\System32\cfgmgr32.dll
0x00007ffee0c00000 - 0x00007ffee0ca9000 	C:\Windows\System32\shcore.dll
0x00007ffede500000 - 0x00007ffedec7f000 	C:\Windows\System32\windows.storage.dll
0x00007ffeddf40000 - 0x00007ffeddf5f000 	C:\Windows\System32\profapi.dll
0x00007ffeddf80000 - 0x00007ffeddfca000 	C:\Windows\System32\powrprof.dll
0x00007ffeddf30000 - 0x00007ffeddf40000 	C:\Windows\System32\UMPDC.dll
0x00007ffee0cb0000 - 0x00007ffee0d02000 	C:\Windows\System32\shlwapi.dll
0x00007ffeddf60000 - 0x00007ffeddf71000 	C:\Windows\System32\kernel.appcore.dll
0x00007ffede260000 - 0x00007ffede277000 	C:\Windows\System32\cryptsp.dll
0x000000005ed30000 - 0x000000005ed36000 	C:\Program Files\NVIDIA Corporation\CoProcManager\_etoured.dll
0x00007ffeda240000 - 0x00007ffeda27b000 	C:\Program Files\NVIDIA Corporation\CoProcManager\nvd3d9wrapx.dll
0x00007ffee0190000 - 0x00007ffee0600000 	C:\Windows\System32\SETUPAPI.dll
0x00007ffede280000 - 0x00007ffede2a6000 	C:\Windows\System32\bcrypt.dll
0x00007ffedcb60000 - 0x00007ffedcb80000 	C:\Windows\SYSTEM32\dxcore.dll
0x00007ffed9cf0000 - 0x00007ffed9d14000 	C:\Program Files\NVIDIA Corporation\CoProcManager\nvdxgiwrapx.dll
0x00007ffecbd30000 - 0x00007ffecbd46000 	C:\Program Files\Java\jdk-11.0.4\bin\vcruntime140.dll
0x00007ffecbc80000 - 0x00007ffecbd2a000 	C:\Program Files\Java\jdk-11.0.4\bin\msvcp140.dll
0x00007ffe85cd0000 - 0x00007ffe867f7000 	C:\Program Files\Java\jdk-11.0.4\bin\server\jvm.dll
0x00007ffee0de0000 - 0x00007ffee0de8000 	C:\Windows\System32\PSAPI.DLL
0x00007ffed87d0000 - 0x00007ffed87d9000 	C:\Windows\SYSTEM32\WSOCK32.dll
0x00007ffedba10000 - 0x00007ffedba34000 	C:\Windows\SYSTEM32\WINMM.dll
0x00007ffee0df0000 - 0x00007ffee0e5f000 	C:\Windows\System32\WS2_32.dll
0x00007ffedb9e0000 - 0x00007ffedba0d000 	C:\Windows\SYSTEM32\winmmbase.dll
0x00007ffecbc60000 - 0x00007ffecbc71000 	C:\Program Files\Java\jdk-11.0.4\bin\verify.dll
0x00007ffed11a0000 - 0x00007ffed1394000 	C:\Windows\SYSTEM32\DBGHELP.DLL
0x00007ffed08e0000 - 0x00007ffed090a000 	C:\Windows\SYSTEM32\dbgcore.DLL
0x00007ffecbc30000 - 0x00007ffecbc59000 	C:\Program Files\Java\jdk-11.0.4\bin\java.dll
0x00007ffec8a90000 - 0x00007ffec8aa6000 	C:\Program Files\Java\jdk-11.0.4\bin\zip.dll
0x00007ffed9900000 - 0x00007ffed990a000 	C:\Program Files\Java\jdk-11.0.4\bin\jimage.dll
0x00007ffec87d0000 - 0x00007ffec87e9000 	C:\Program Files\Java\jdk-11.0.4\bin\net.dll
0x00007ffed8bb0000 - 0x00007ffed8ca0000 	C:\Windows\SYSTEM32\WINHTTP.dll
0x00007ffed3820000 - 0x00007ffed39f6000 	C:\Windows\SYSTEM32\urlmon.dll
0x00007ffed3570000 - 0x00007ffed3816000 	C:\Windows\SYSTEM32\iertutil.dll
0x00007ffedd8d0000 - 0x00007ffedd8dc000 	C:\Windows\SYSTEM32\CRYPTBASE.DLL
0x00007ffedd700000 - 0x00007ffedd767000 	C:\Windows\system32\mswsock.dll
0x00007ffeb53e0000 - 0x00007ffeb53f3000 	C:\Program Files\Java\jdk-11.0.4\bin\nio.dll
0x00007ffeb7610000 - 0x00007ffeb7636000 	C:\Users\anton\.gradle\native\29\windows-amd64\native-platform.dll
0x00007ffed5af0000 - 0x00007ffed5af9000 	C:\Program Files\Java\jdk-11.0.4\bin\management.dll
0x00007ffed5ae0000 - 0x00007ffed5aec000 	C:\Program Files\Java\jdk-11.0.4\bin\management_ext.dll
0x00007ffedd270000 - 0x00007ffedd2a3000 	C:\Windows\system32\rsaenh.dll
0x00007ffedde50000 - 0x00007ffedde75000 	C:\Windows\SYSTEM32\USERENV.dll
0x00007ffedd410000 - 0x00007ffedd44a000 	C:\Windows\SYSTEM32\IPHLPAPI.DLL
0x00007ffedf800000 - 0x00007ffedf808000 	C:\Windows\System32\NSI.dll
0x00007ffed8500000 - 0x00007ffed8516000 	C:\Windows\SYSTEM32\dhcpcsvc6.DLL
0x00007ffed84e0000 - 0x00007ffed84fc000 	C:\Windows\SYSTEM32\dhcpcsvc.DLL
0x00007ffedd450000 - 0x00007ffedd51a000 	C:\Windows\SYSTEM32\DNSAPI.dll
0x00007ffec8af0000 - 0x00007ffec8afd000 	C:\Program Files\Java\jdk-11.0.4\bin\sunmscapi.dll
0x00007ffeddff0000 - 0x00007ffede139000 	C:\Windows\System32\CRYPT32.dll
0x00007ffeddfd0000 - 0x00007ffeddfe2000 	C:\Windows\System32\MSASN1.dll
0x00007ffedda30000 - 0x00007ffedda56000 	C:\Windows\SYSTEM32\ncrypt.dll
0x00007ffedd9f0000 - 0x00007ffedda2b000 	C:\Windows\SYSTEM32\NTASN1.dll
0x00007ffea9fb0000 - 0x00007ffea9fd7000 	C:\Program Files\Java\jdk-11.0.4\bin\sunec.dll
0x00007ffed45f0000 - 0x00007ffed45fa000 	C:\Windows\System32\rasadhlp.dll
0x00007ffed7280000 - 0x00007ffed72f7000 	C:\Windows\System32\fwpuclnt.dll

dbghelp: loaded successfully - version: 4.0.5 - missing functions: none
symbol engine: initialized successfully - sym options: 0x614 - pdb path: .;C:\Program Files\Java\jdk-11.0.4\bin;C:\Windows\SYSTEM32;C:\Windows\WinSxS\amd64_microsoft.windows.common-controls_6595b64144ccf1df_6.0.18362.418_none_e6c6b287130d565d;C:\Windows\system32\DriverStore\FileRepository\nvtswu.inf_amd64_ba671cfd84d2b41d;C:\Program Files\NVIDIA Corporation\CoProcManager;C:\Program Files\Java\jdk-11.0.4\bin\server;C:\Users\anton\.gradle\native\29\windows-amd64

VM Arguments:
jvm_args: --add-opens=java.base/java.util=ALL-UNNAMED --add-opens=java.base/java.lang=ALL-UNNAMED --add-opens=java.base/java.lang.invoke=ALL-UNNAMED --add-opens=java.prefs/java.util.prefs=ALL-UNNAMED -XX:MaxMetaspaceSize=256m -XX:+HeapDumpOnOutOfMemoryError -Xms256m -Xmx512m -Dfile.encoding=windows-1252 -Duser.country=GB -Duser.language=en -Duser.variant 
java_command: org.gradle.launcher.daemon.bootstrap.GradleDaemon 5.5
java_class_path (initial): C:\Users\anton\.gradle\wrapper\dists\gradle-5.5-all\byeise1led9a3w3p149d02kfj\gradle-5.5\lib\gradle-launcher-5.5.jar
Launcher Type: SUN_STANDARD

[Global flags]
     intx CICompilerCount                          = 4                                         {product} {ergonomic}
   size_t CompressedClassSpaceSize                 = 260046848                                 {product} {ergonomic}
     uint ConcGCThreads                            = 2                                         {product} {ergonomic}
     uint G1ConcRefinementThreads                  = 8                                         {product} {ergonomic}
   size_t G1HeapRegionSize                         = 1048576                                   {product} {ergonomic}
    uintx GCDrainStackTargetSize                   = 64                                        {product} {ergonomic}
     bool HeapDumpOnOutOfMemoryError               = true                                   {manageable} {command line}
   size_t InitialHeapSize                          = 268435456                                 {product} {command line}
   size_t MarkStackSize                            = 4194304                                   {product} {ergonomic}
   size_t MaxHeapSize                              = 536870912                                 {product} {command line}
   size_t MaxMetaspaceSize                         = 268435456                                 {product} {command line}
   size_t MaxNewSize                               = 321912832                                 {product} {ergonomic}
   size_t MinHeapDeltaBytes                        = 1048576                                   {product} {ergonomic}
    uintx NonNMethodCodeHeapSize                   = 5835340                                {pd product} {ergonomic}
    uintx NonProfiledCodeHeapSize                  = 122911450                              {pd product} {ergonomic}
    uintx ProfiledCodeHeapSize                     = 122911450                              {pd product} {ergonomic}
    uintx ReservedCodeCacheSize                    = 251658240                              {pd product} {ergonomic}
     bool SegmentedCodeCache                       = true                                      {product} {ergonomic}
     bool UseCompressedClassPointers               = true                                 {lp64_product} {ergonomic}
     bool UseCompressedOops                        = true                                 {lp64_product} {ergonomic}
     bool UseG1GC                                  = true                                      {product} {ergonomic}
     bool UseLargePagesIndividualAllocation        = false                                  {pd product} {ergonomic}

Logging:
Log output configuration:
 #0: stdout all=warning uptime,level,tags
 #1: stderr all=off uptime,level,tags

Environment Variables:
JAVA_HOME=C:\Program Files\Java\jdk-11.0.4
CLASSPATH=D:\Purwadhika\mobile\15okt19\Albums\android\\gradle\wrapper\gradle-wrapper.jar
PATH=C:\Windows\system32;C:\Windows;C:\Windows\System32\Wbem;C:\Windows\System32\WindowsPowerShell\v1.0\;C:\Windows\System32\OpenSSH\;C:\Program Files\nodejs\;C:\Program Files\Git\cmd;C:\Program Files\MySQL\MySQL Shell 8.0\bin\;C:\Users\anton\AppData\Roaming\npm;C:\Users\anton\AppData\Local\Programs\Microsoft VS Code\bin;C:\Users\anton\AppData\Local\Android\Sdk\platform-tools;
USERNAME=anton
OS=Windows_NT
PROCESSOR_IDENTIFIER=Intel64 Family 6 Model 42 Stepping 7, GenuineIntel



---------------  S Y S T E M  ---------------

OS: Windows 10 , 64 bit Build 18362 (10.0.18362.329)

CPU:total 8 (initial active 8) (4 cores per cpu, 2 threads per core) family 6 model 42 stepping 7, cmov, cx8, fxsr, mmx, sse, sse2, sse3, ssse3, sse4.1, sse4.2, popcnt, avx, aes, clmul, ht, tsc, tscinvbit

Memory: 4k page, system-wide physical 8095M (3013M free)
TotalPageFile size 9375M (AvailPageFile size 3433M)
current process WorkingSet (physical memory assigned to process): 518M, peak: 520M
current process commit charge ("private bytes"): 561M, peak: 567M

vm_info: Java HotSpot(TM) 64-Bit Server VM (11.0.4+10-LTS) for windows-amd64 JRE (11.0.4+10-LTS), built on Jul  4 2019 16:28:13 by "mach5one" with MS VC++ 15.5 (VS2017)

END.
